{"C:\\git\\recipe\\recipe-application-cse341\\server.js": {"path":"C:\\git\\recipe\\recipe-application-cse341\\server.js","statementMap":{"0":{"start":{"line":1,"column":16},"end":{"line":1,"column":34}},"1":{"start":{"line":2,"column":12},"end":{"line":2,"column":21}},"2":{"start":{"line":4,"column":0},"end":{"line":7,"column":2}},"3":{"start":{"line":5,"column":4},"end":{"line":5,"column":54}},"4":{"start":{"line":6,"column":4},"end":{"line":6,"column":11}},"5":{"start":{"line":8,"column":0},"end":{"line":10,"column":4}},"6":{"start":{"line":13,"column":0},"end":{"line":13,"column":40}},"7":{"start":{"line":15,"column":0},"end":{"line":15,"column":21}}},"fnMap":{"0":{"name":"(anonymous_0)","decl":{"start":{"line":4,"column":8},"end":{"line":4,"column":9}},"loc":{"start":{"line":4,"column":28},"end":{"line":7,"column":1}},"line":4}},"branchMap":{},"s":{"0":1,"1":1,"2":1,"3":4,"4":4,"5":1,"6":1,"7":1},"f":{"0":4},"b":{},"_coverageSchema":"1a1c01bbd47fc00a2c39e90264f33305004495a9","hash":"d902fd53d9f983c5dcb22d790d74fbb7644708b7"}
,"C:\\git\\recipe\\recipe-application-cse341\\validate.js": {"path":"C:\\git\\recipe\\recipe-application-cse341\\validate.js","statementMap":{"0":{"start":{"line":1,"column":18},"end":{"line":1,"column":40}},"1":{"start":{"line":3,"column":18},"end":{"line":7,"column":1}},"2":{"start":{"line":4,"column":21},"end":{"line":4,"column":63}},"3":{"start":{"line":5,"column":2},"end":{"line":5,"column":48}},"4":{"start":{"line":5,"column":26},"end":{"line":5,"column":46}},"5":{"start":{"line":6,"column":2},"end":{"line":6,"column":61}},"6":{"start":{"line":6,"column":25},"end":{"line":6,"column":59}},"7":{"start":{"line":9,"column":0},"end":{"line":9,"column":27}}},"fnMap":{"0":{"name":"(anonymous_0)","decl":{"start":{"line":3,"column":18},"end":{"line":3,"column":19}},"loc":{"start":{"line":3,"column":61},"end":{"line":7,"column":1}},"line":3},"1":{"name":"(anonymous_1)","decl":{"start":{"line":5,"column":20},"end":{"line":5,"column":21}},"loc":{"start":{"line":5,"column":26},"end":{"line":5,"column":46}},"line":5},"2":{"name":"(anonymous_2)","decl":{"start":{"line":6,"column":19},"end":{"line":6,"column":20}},"loc":{"start":{"line":6,"column":25},"end":{"line":6,"column":59}},"line":6}},"branchMap":{},"s":{"0":1,"1":1,"2":2,"3":2,"4":0,"5":2,"6":2,"7":1},"f":{"0":2,"1":0,"2":2},"b":{},"_coverageSchema":"1a1c01bbd47fc00a2c39e90264f33305004495a9","hash":"77fac3345580227fe43c6c73a81f14292ad94235"}
,"C:\\git\\recipe\\recipe-application-cse341\\validation.js": {"path":"C:\\git\\recipe\\recipe-application-cse341\\validation.js","statementMap":{"0":{"start":{"line":1,"column":18},"end":{"line":1,"column":39}},"1":{"start":{"line":4,"column":21},"end":{"line":24,"column":1}},"2":{"start":{"line":5,"column":25},"end":{"line":12,"column":3}},"3":{"start":{"line":13,"column":2},"end":{"line":23,"column":5}},"4":{"start":{"line":14,"column":4},"end":{"line":22,"column":5}},"5":{"start":{"line":15,"column":6},"end":{"line":19,"column":9}},"6":{"start":{"line":21,"column":6},"end":{"line":21,"column":13}},"7":{"start":{"line":27,"column":24},"end":{"line":47,"column":1}},"8":{"start":{"line":28,"column":25},"end":{"line":35,"column":3}},"9":{"start":{"line":36,"column":2},"end":{"line":46,"column":5}},"10":{"start":{"line":37,"column":4},"end":{"line":45,"column":5}},"11":{"start":{"line":38,"column":6},"end":{"line":42,"column":9}},"12":{"start":{"line":44,"column":6},"end":{"line":44,"column":13}},"13":{"start":{"line":50,"column":19},"end":{"line":67,"column":1}},"14":{"start":{"line":51,"column":25},"end":{"line":55,"column":3}},"15":{"start":{"line":56,"column":2},"end":{"line":66,"column":5}},"16":{"start":{"line":57,"column":4},"end":{"line":65,"column":5}},"17":{"start":{"line":58,"column":6},"end":{"line":62,"column":9}},"18":{"start":{"line":64,"column":6},"end":{"line":64,"column":13}},"19":{"start":{"line":70,"column":22},"end":{"line":87,"column":1}},"20":{"start":{"line":71,"column":25},"end":{"line":75,"column":3}},"21":{"start":{"line":76,"column":2},"end":{"line":86,"column":5}},"22":{"start":{"line":77,"column":4},"end":{"line":85,"column":5}},"23":{"start":{"line":78,"column":6},"end":{"line":82,"column":9}},"24":{"start":{"line":84,"column":6},"end":{"line":84,"column":13}},"25":{"start":{"line":90,"column":21},"end":{"line":108,"column":1}},"26":{"start":{"line":91,"column":25},"end":{"line":96,"column":3}},"27":{"start":{"line":97,"column":2},"end":{"line":107,"column":5}},"28":{"start":{"line":98,"column":4},"end":{"line":106,"column":5}},"29":{"start":{"line":99,"column":6},"end":{"line":103,"column":9}},"30":{"start":{"line":105,"column":6},"end":{"line":105,"column":13}},"31":{"start":{"line":110,"column":23},"end":{"line":128,"column":1}},"32":{"start":{"line":111,"column":25},"end":{"line":116,"column":3}},"33":{"start":{"line":117,"column":2},"end":{"line":127,"column":5}},"34":{"start":{"line":118,"column":4},"end":{"line":126,"column":5}},"35":{"start":{"line":119,"column":6},"end":{"line":123,"column":9}},"36":{"start":{"line":125,"column":6},"end":{"line":125,"column":13}},"37":{"start":{"line":130,"column":0},"end":{"line":137,"column":2}}},"fnMap":{"0":{"name":"(anonymous_0)","decl":{"start":{"line":4,"column":21},"end":{"line":4,"column":22}},"loc":{"start":{"line":4,"column":41},"end":{"line":24,"column":1}},"line":4},"1":{"name":"(anonymous_1)","decl":{"start":{"line":13,"column":42},"end":{"line":13,"column":43}},"loc":{"start":{"line":13,"column":59},"end":{"line":23,"column":3}},"line":13},"2":{"name":"(anonymous_2)","decl":{"start":{"line":27,"column":24},"end":{"line":27,"column":25}},"loc":{"start":{"line":27,"column":44},"end":{"line":47,"column":1}},"line":27},"3":{"name":"(anonymous_3)","decl":{"start":{"line":36,"column":42},"end":{"line":36,"column":43}},"loc":{"start":{"line":36,"column":59},"end":{"line":46,"column":3}},"line":36},"4":{"name":"(anonymous_4)","decl":{"start":{"line":50,"column":19},"end":{"line":50,"column":20}},"loc":{"start":{"line":50,"column":39},"end":{"line":67,"column":1}},"line":50},"5":{"name":"(anonymous_5)","decl":{"start":{"line":56,"column":42},"end":{"line":56,"column":43}},"loc":{"start":{"line":56,"column":59},"end":{"line":66,"column":3}},"line":56},"6":{"name":"(anonymous_6)","decl":{"start":{"line":70,"column":22},"end":{"line":70,"column":23}},"loc":{"start":{"line":70,"column":42},"end":{"line":87,"column":1}},"line":70},"7":{"name":"(anonymous_7)","decl":{"start":{"line":76,"column":42},"end":{"line":76,"column":43}},"loc":{"start":{"line":76,"column":59},"end":{"line":86,"column":3}},"line":76},"8":{"name":"(anonymous_8)","decl":{"start":{"line":90,"column":21},"end":{"line":90,"column":22}},"loc":{"start":{"line":90,"column":41},"end":{"line":108,"column":1}},"line":90},"9":{"name":"(anonymous_9)","decl":{"start":{"line":97,"column":42},"end":{"line":97,"column":43}},"loc":{"start":{"line":97,"column":59},"end":{"line":107,"column":3}},"line":97},"10":{"name":"(anonymous_10)","decl":{"start":{"line":110,"column":23},"end":{"line":110,"column":24}},"loc":{"start":{"line":110,"column":43},"end":{"line":128,"column":1}},"line":110},"11":{"name":"(anonymous_11)","decl":{"start":{"line":117,"column":42},"end":{"line":117,"column":43}},"loc":{"start":{"line":117,"column":59},"end":{"line":127,"column":3}},"line":117}},"branchMap":{"0":{"loc":{"start":{"line":14,"column":4},"end":{"line":22,"column":5}},"type":"if","locations":[{"start":{"line":14,"column":4},"end":{"line":22,"column":5}},{"start":{"line":20,"column":11},"end":{"line":22,"column":5}}],"line":14},"1":{"loc":{"start":{"line":37,"column":4},"end":{"line":45,"column":5}},"type":"if","locations":[{"start":{"line":37,"column":4},"end":{"line":45,"column":5}},{"start":{"line":43,"column":11},"end":{"line":45,"column":5}}],"line":37},"2":{"loc":{"start":{"line":57,"column":4},"end":{"line":65,"column":5}},"type":"if","locations":[{"start":{"line":57,"column":4},"end":{"line":65,"column":5}},{"start":{"line":63,"column":11},"end":{"line":65,"column":5}}],"line":57},"3":{"loc":{"start":{"line":77,"column":4},"end":{"line":85,"column":5}},"type":"if","locations":[{"start":{"line":77,"column":4},"end":{"line":85,"column":5}},{"start":{"line":83,"column":11},"end":{"line":85,"column":5}}],"line":77},"4":{"loc":{"start":{"line":98,"column":4},"end":{"line":106,"column":5}},"type":"if","locations":[{"start":{"line":98,"column":4},"end":{"line":106,"column":5}},{"start":{"line":104,"column":11},"end":{"line":106,"column":5}}],"line":98},"5":{"loc":{"start":{"line":118,"column":4},"end":{"line":126,"column":5}},"type":"if","locations":[{"start":{"line":118,"column":4},"end":{"line":126,"column":5}},{"start":{"line":124,"column":11},"end":{"line":126,"column":5}}],"line":118}},"s":{"0":1,"1":1,"2":0,"3":0,"4":0,"5":0,"6":0,"7":1,"8":0,"9":0,"10":0,"11":0,"12":0,"13":1,"14":0,"15":0,"16":0,"17":0,"18":0,"19":1,"20":0,"21":0,"22":0,"23":0,"24":0,"25":1,"26":1,"27":1,"28":1,"29":1,"30":0,"31":1,"32":1,"33":1,"34":1,"35":1,"36":0,"37":1},"f":{"0":0,"1":0,"2":0,"3":0,"4":0,"5":0,"6":0,"7":0,"8":1,"9":1,"10":1,"11":1},"b":{"0":[0,0],"1":[0,0],"2":[0,0],"3":[0,0],"4":[1,0],"5":[1,0]},"_coverageSchema":"1a1c01bbd47fc00a2c39e90264f33305004495a9","hash":"9372d0c57ebd92ba1bfacbcc6f937184a6d00ccf"}
,"C:\\git\\recipe\\recipe-application-cse341\\controller\\list.js": {"path":"C:\\git\\recipe\\recipe-application-cse341\\controller\\list.js","statementMap":{"0":{"start":{"line":4,"column":13},"end":{"line":4,"column":45}},"1":{"start":{"line":5,"column":17},"end":{"line":5,"column":44}},"2":{"start":{"line":7,"column":0},"end":{"line":29,"column":2}},"3":{"start":{"line":9,"column":15},"end":{"line":14,"column":4}},"4":{"start":{"line":17,"column":2},"end":{"line":28,"column":7}},"5":{"start":{"line":20,"column":6},"end":{"line":20,"column":24}},"6":{"start":{"line":22,"column":6},"end":{"line":22,"column":53}},"7":{"start":{"line":25,"column":6},"end":{"line":27,"column":9}},"8":{"start":{"line":32,"column":0},"end":{"line":54,"column":4}},"9":{"start":{"line":33,"column":4},"end":{"line":53,"column":5}},"10":{"start":{"line":34,"column":6},"end":{"line":36,"column":9}},"11":{"start":{"line":38,"column":21},"end":{"line":38,"column":39}},"12":{"start":{"line":39,"column":6},"end":{"line":52,"column":11}},"13":{"start":{"line":41,"column":10},"end":{"line":45,"column":11}},"14":{"start":{"line":42,"column":12},"end":{"line":42,"column":139}},"15":{"start":{"line":44,"column":12},"end":{"line":44,"column":27}},"16":{"start":{"line":48,"column":10},"end":{"line":50,"column":13}},"17":{"start":{"line":51,"column":10},"end":{"line":51,"column":27}},"18":{"start":{"line":58,"column":0},"end":{"line":78,"column":4}},"19":{"start":{"line":59,"column":4},"end":{"line":77,"column":5}},"20":{"start":{"line":60,"column":6},"end":{"line":62,"column":9}},"21":{"start":{"line":64,"column":21},"end":{"line":64,"column":39}},"22":{"start":{"line":65,"column":6},"end":{"line":76,"column":11}},"23":{"start":{"line":67,"column":10},"end":{"line":69,"column":35}},"24":{"start":{"line":68,"column":12},"end":{"line":68,"column":82}},"25":{"start":{"line":69,"column":17},"end":{"line":69,"column":35}},"26":{"start":{"line":72,"column":10},"end":{"line":74,"column":13}},"27":{"start":{"line":75,"column":10},"end":{"line":75,"column":27}},"28":{"start":{"line":81,"column":2},"end":{"line":91,"column":4}},"29":{"start":{"line":82,"column":4},"end":{"line":90,"column":9}},"30":{"start":{"line":84,"column":8},"end":{"line":84,"column":23}},"31":{"start":{"line":87,"column":8},"end":{"line":89,"column":11}},"32":{"start":{"line":93,"column":2},"end":{"line":120,"column":4}},"33":{"start":{"line":94,"column":4},"end":{"line":119,"column":5}},"34":{"start":{"line":95,"column":6},"end":{"line":97,"column":9}},"35":{"start":{"line":98,"column":11},"end":{"line":119,"column":5}},"36":{"start":{"line":99,"column":6},"end":{"line":101,"column":9}},"37":{"start":{"line":103,"column":17},"end":{"line":103,"column":30}},"38":{"start":{"line":105,"column":6},"end":{"line":118,"column":11}},"39":{"start":{"line":107,"column":10},"end":{"line":111,"column":73}},"40":{"start":{"line":108,"column":12},"end":{"line":110,"column":15}},"41":{"start":{"line":111,"column":17},"end":{"line":111,"column":73}},"42":{"start":{"line":114,"column":10},"end":{"line":116,"column":13}},"43":{"start":{"line":117,"column":10},"end":{"line":117,"column":27}},"44":{"start":{"line":124,"column":0},"end":{"line":151,"column":4}},"45":{"start":{"line":125,"column":4},"end":{"line":150,"column":5}},"46":{"start":{"line":126,"column":6},"end":{"line":128,"column":9}},"47":{"start":{"line":130,"column":17},"end":{"line":130,"column":30}},"48":{"start":{"line":132,"column":6},"end":{"line":149,"column":11}},"49":{"start":{"line":134,"column":10},"end":{"line":142,"column":11}},"50":{"start":{"line":135,"column":12},"end":{"line":137,"column":15}},"51":{"start":{"line":139,"column":12},"end":{"line":141,"column":15}},"52":{"start":{"line":145,"column":10},"end":{"line":147,"column":13}},"53":{"start":{"line":148,"column":10},"end":{"line":148,"column":27}}},"fnMap":{"0":{"name":"(anonymous_0)","decl":{"start":{"line":7,"column":17},"end":{"line":7,"column":18}},"loc":{"start":{"line":7,"column":31},"end":{"line":29,"column":1}},"line":7},"1":{"name":"(anonymous_1)","decl":{"start":{"line":19,"column":10},"end":{"line":19,"column":11}},"loc":{"start":{"line":19,"column":20},"end":{"line":23,"column":5}},"line":19},"2":{"name":"(anonymous_2)","decl":{"start":{"line":24,"column":11},"end":{"line":24,"column":12}},"loc":{"start":{"line":24,"column":20},"end":{"line":28,"column":5}},"line":24},"3":{"name":"(anonymous_3)","decl":{"start":{"line":32,"column":21},"end":{"line":32,"column":22}},"loc":{"start":{"line":32,"column":35},"end":{"line":54,"column":3}},"line":32},"4":{"name":"(anonymous_4)","decl":{"start":{"line":40,"column":14},"end":{"line":40,"column":15}},"loc":{"start":{"line":40,"column":24},"end":{"line":46,"column":9}},"line":40},"5":{"name":"(anonymous_5)","decl":{"start":{"line":47,"column":15},"end":{"line":47,"column":16}},"loc":{"start":{"line":47,"column":24},"end":{"line":52,"column":9}},"line":47},"6":{"name":"(anonymous_6)","decl":{"start":{"line":58,"column":18},"end":{"line":58,"column":19}},"loc":{"start":{"line":58,"column":32},"end":{"line":78,"column":3}},"line":58},"7":{"name":"(anonymous_7)","decl":{"start":{"line":66,"column":14},"end":{"line":66,"column":15}},"loc":{"start":{"line":66,"column":24},"end":{"line":70,"column":9}},"line":66},"8":{"name":"(anonymous_8)","decl":{"start":{"line":71,"column":15},"end":{"line":71,"column":16}},"loc":{"start":{"line":71,"column":24},"end":{"line":76,"column":9}},"line":71},"9":{"name":"(anonymous_9)","decl":{"start":{"line":81,"column":20},"end":{"line":81,"column":21}},"loc":{"start":{"line":81,"column":34},"end":{"line":91,"column":3}},"line":81},"10":{"name":"(anonymous_10)","decl":{"start":{"line":83,"column":12},"end":{"line":83,"column":13}},"loc":{"start":{"line":83,"column":22},"end":{"line":85,"column":7}},"line":83},"11":{"name":"(anonymous_11)","decl":{"start":{"line":86,"column":13},"end":{"line":86,"column":14}},"loc":{"start":{"line":86,"column":22},"end":{"line":90,"column":7}},"line":86},"12":{"name":"(anonymous_12)","decl":{"start":{"line":93,"column":19},"end":{"line":93,"column":20}},"loc":{"start":{"line":93,"column":33},"end":{"line":120,"column":3}},"line":93},"13":{"name":"(anonymous_13)","decl":{"start":{"line":106,"column":14},"end":{"line":106,"column":15}},"loc":{"start":{"line":106,"column":24},"end":{"line":112,"column":9}},"line":106},"14":{"name":"(anonymous_14)","decl":{"start":{"line":113,"column":15},"end":{"line":113,"column":16}},"loc":{"start":{"line":113,"column":24},"end":{"line":118,"column":9}},"line":113},"15":{"name":"(anonymous_15)","decl":{"start":{"line":124,"column":17},"end":{"line":124,"column":18}},"loc":{"start":{"line":124,"column":31},"end":{"line":151,"column":3}},"line":124},"16":{"name":"(anonymous_16)","decl":{"start":{"line":133,"column":14},"end":{"line":133,"column":15}},"loc":{"start":{"line":133,"column":24},"end":{"line":143,"column":9}},"line":133},"17":{"name":"(anonymous_17)","decl":{"start":{"line":144,"column":15},"end":{"line":144,"column":16}},"loc":{"start":{"line":144,"column":24},"end":{"line":149,"column":9}},"line":144}},"branchMap":{"0":{"loc":{"start":{"line":26,"column":17},"end":{"line":26,"column":78}},"type":"binary-expr","locations":[{"start":{"line":26,"column":17},"end":{"line":26,"column":28}},{"start":{"line":26,"column":32},"end":{"line":26,"column":78}}],"line":26},"1":{"loc":{"start":{"line":33,"column":4},"end":{"line":53,"column":5}},"type":"if","locations":[{"start":{"line":33,"column":4},"end":{"line":53,"column":5}},{"start":{"line":37,"column":11},"end":{"line":53,"column":5}}],"line":33},"2":{"loc":{"start":{"line":41,"column":10},"end":{"line":45,"column":11}},"type":"if","locations":[{"start":{"line":41,"column":10},"end":{"line":45,"column":11}},{"start":{"line":43,"column":17},"end":{"line":45,"column":11}}],"line":41},"3":{"loc":{"start":{"line":59,"column":4},"end":{"line":77,"column":5}},"type":"if","locations":[{"start":{"line":59,"column":4},"end":{"line":77,"column":5}},{"start":{"line":63,"column":11},"end":{"line":77,"column":5}}],"line":59},"4":{"loc":{"start":{"line":67,"column":10},"end":{"line":69,"column":35}},"type":"if","locations":[{"start":{"line":67,"column":10},"end":{"line":69,"column":35}},{"start":{"line":69,"column":17},"end":{"line":69,"column":35}}],"line":67},"5":{"loc":{"start":{"line":88,"column":19},"end":{"line":88,"column":79}},"type":"binary-expr","locations":[{"start":{"line":88,"column":19},"end":{"line":88,"column":30}},{"start":{"line":88,"column":34},"end":{"line":88,"column":79}}],"line":88},"6":{"loc":{"start":{"line":94,"column":4},"end":{"line":119,"column":5}},"type":"if","locations":[{"start":{"line":94,"column":4},"end":{"line":119,"column":5}},{"start":{"line":98,"column":11},"end":{"line":119,"column":5}}],"line":94},"7":{"loc":{"start":{"line":98,"column":11},"end":{"line":119,"column":5}},"type":"if","locations":[{"start":{"line":98,"column":11},"end":{"line":119,"column":5}},{"start":{"line":102,"column":11},"end":{"line":119,"column":5}}],"line":98},"8":{"loc":{"start":{"line":107,"column":10},"end":{"line":111,"column":73}},"type":"if","locations":[{"start":{"line":107,"column":10},"end":{"line":111,"column":73}},{"start":{"line":111,"column":17},"end":{"line":111,"column":73}}],"line":107},"9":{"loc":{"start":{"line":125,"column":4},"end":{"line":150,"column":5}},"type":"if","locations":[{"start":{"line":125,"column":4},"end":{"line":150,"column":5}},{"start":{"line":129,"column":11},"end":{"line":150,"column":5}}],"line":125},"10":{"loc":{"start":{"line":134,"column":10},"end":{"line":142,"column":11}},"type":"if","locations":[{"start":{"line":134,"column":10},"end":{"line":142,"column":11}},{"start":{"line":138,"column":17},"end":{"line":142,"column":11}}],"line":134}},"s":{"0":1,"1":1,"2":1,"3":0,"4":0,"5":0,"6":0,"7":0,"8":1,"9":0,"10":0,"11":0,"12":0,"13":0,"14":0,"15":0,"16":0,"17":0,"18":1,"19":0,"20":0,"21":0,"22":0,"23":0,"24":0,"25":0,"26":0,"27":0,"28":1,"29":0,"30":0,"31":0,"32":1,"33":0,"34":0,"35":0,"36":0,"37":0,"38":0,"39":0,"40":0,"41":0,"42":0,"43":0,"44":1,"45":0,"46":0,"47":0,"48":0,"49":0,"50":0,"51":0,"52":0,"53":0},"f":{"0":0,"1":0,"2":0,"3":0,"4":0,"5":0,"6":0,"7":0,"8":0,"9":0,"10":0,"11":0,"12":0,"13":0,"14":0,"15":0,"16":0,"17":0},"b":{"0":[0,0],"1":[0,0],"2":[0,0],"3":[0,0],"4":[0,0],"5":[0,0],"6":[0,0],"7":[0,0],"8":[0,0],"9":[0,0],"10":[0,0]},"_coverageSchema":"1a1c01bbd47fc00a2c39e90264f33305004495a9","hash":"7c26fcca0ecb8799674eee5336d281fdded0a182"}
,"C:\\git\\recipe\\recipe-application-cse341\\controller\\recipe.js": {"path":"C:\\git\\recipe\\recipe-application-cse341\\controller\\recipe.js","statementMap":{"0":{"start":{"line":4,"column":15},"end":{"line":4,"column":49}},"1":{"start":{"line":5,"column":17},"end":{"line":5,"column":44}},"2":{"start":{"line":7,"column":0},"end":{"line":32,"column":2}},"3":{"start":{"line":9,"column":17},"end":{"line":17,"column":4}},"4":{"start":{"line":20,"column":2},"end":{"line":31,"column":7}},"5":{"start":{"line":23,"column":6},"end":{"line":23,"column":24}},"6":{"start":{"line":25,"column":6},"end":{"line":25,"column":55}},"7":{"start":{"line":28,"column":6},"end":{"line":30,"column":9}},"8":{"start":{"line":35,"column":0},"end":{"line":46,"column":4}},"9":{"start":{"line":36,"column":4},"end":{"line":45,"column":9}},"10":{"start":{"line":39,"column":8},"end":{"line":39,"column":23}},"11":{"start":{"line":42,"column":8},"end":{"line":44,"column":11}},"12":{"start":{"line":50,"column":0},"end":{"line":70,"column":4}},"13":{"start":{"line":51,"column":4},"end":{"line":69,"column":5}},"14":{"start":{"line":52,"column":6},"end":{"line":54,"column":9}},"15":{"start":{"line":56,"column":24},"end":{"line":56,"column":44}},"16":{"start":{"line":57,"column":6},"end":{"line":68,"column":11}},"17":{"start":{"line":59,"column":10},"end":{"line":61,"column":35}},"18":{"start":{"line":60,"column":12},"end":{"line":60,"column":87}},"19":{"start":{"line":61,"column":17},"end":{"line":61,"column":35}},"20":{"start":{"line":64,"column":10},"end":{"line":66,"column":13}},"21":{"start":{"line":67,"column":10},"end":{"line":67,"column":27}},"22":{"start":{"line":76,"column":0},"end":{"line":112,"column":4}},"23":{"start":{"line":77,"column":4},"end":{"line":111,"column":5}},"24":{"start":{"line":78,"column":6},"end":{"line":80,"column":9}},"25":{"start":{"line":82,"column":21},"end":{"line":82,"column":39}},"26":{"start":{"line":85,"column":6},"end":{"line":87,"column":7}},"27":{"start":{"line":86,"column":8},"end":{"line":86,"column":38}},"28":{"start":{"line":89,"column":22},"end":{"line":93,"column":8}},"29":{"start":{"line":90,"column":8},"end":{"line":92,"column":9}},"30":{"start":{"line":94,"column":6},"end":{"line":110,"column":11}},"31":{"start":{"line":98,"column":10},"end":{"line":103,"column":11}},"32":{"start":{"line":99,"column":12},"end":{"line":99,"column":149}},"33":{"start":{"line":101,"column":12},"end":{"line":101,"column":27}},"34":{"start":{"line":106,"column":10},"end":{"line":108,"column":13}},"35":{"start":{"line":109,"column":10},"end":{"line":109,"column":27}},"36":{"start":{"line":115,"column":2},"end":{"line":150,"column":4}},"37":{"start":{"line":116,"column":4},"end":{"line":149,"column":5}},"38":{"start":{"line":117,"column":6},"end":{"line":119,"column":9}},"39":{"start":{"line":121,"column":24},"end":{"line":121,"column":45}},"40":{"start":{"line":124,"column":6},"end":{"line":126,"column":7}},"41":{"start":{"line":125,"column":8},"end":{"line":125,"column":44}},"42":{"start":{"line":128,"column":22},"end":{"line":132,"column":8}},"43":{"start":{"line":129,"column":8},"end":{"line":131,"column":9}},"44":{"start":{"line":133,"column":6},"end":{"line":148,"column":11}},"45":{"start":{"line":137,"column":10},"end":{"line":141,"column":11}},"46":{"start":{"line":138,"column":12},"end":{"line":138,"column":129}},"47":{"start":{"line":140,"column":12},"end":{"line":140,"column":27}},"48":{"start":{"line":144,"column":10},"end":{"line":146,"column":13}},"49":{"start":{"line":147,"column":10},"end":{"line":147,"column":27}},"50":{"start":{"line":156,"column":0},"end":{"line":179,"column":4}},"51":{"start":{"line":157,"column":4},"end":{"line":178,"column":5}},"52":{"start":{"line":158,"column":6},"end":{"line":160,"column":9}},"53":{"start":{"line":162,"column":25},"end":{"line":162,"column":48}},"54":{"start":{"line":163,"column":6},"end":{"line":177,"column":11}},"55":{"start":{"line":165,"column":10},"end":{"line":170,"column":11}},"56":{"start":{"line":166,"column":12},"end":{"line":166,"column":145}},"57":{"start":{"line":168,"column":12},"end":{"line":168,"column":27}},"58":{"start":{"line":173,"column":10},"end":{"line":175,"column":13}},"59":{"start":{"line":176,"column":10},"end":{"line":176,"column":27}},"60":{"start":{"line":184,"column":0},"end":{"line":211,"column":4}},"61":{"start":{"line":185,"column":4},"end":{"line":210,"column":5}},"62":{"start":{"line":186,"column":6},"end":{"line":188,"column":9}},"63":{"start":{"line":189,"column":11},"end":{"line":210,"column":5}},"64":{"start":{"line":190,"column":6},"end":{"line":192,"column":9}},"65":{"start":{"line":194,"column":17},"end":{"line":194,"column":30}},"66":{"start":{"line":196,"column":6},"end":{"line":209,"column":11}},"67":{"start":{"line":198,"column":10},"end":{"line":202,"column":75}},"68":{"start":{"line":199,"column":12},"end":{"line":201,"column":15}},"69":{"start":{"line":202,"column":17},"end":{"line":202,"column":75}},"70":{"start":{"line":205,"column":10},"end":{"line":207,"column":13}},"71":{"start":{"line":208,"column":10},"end":{"line":208,"column":27}},"72":{"start":{"line":216,"column":0},"end":{"line":243,"column":4}},"73":{"start":{"line":217,"column":4},"end":{"line":242,"column":5}},"74":{"start":{"line":218,"column":6},"end":{"line":220,"column":9}},"75":{"start":{"line":222,"column":17},"end":{"line":222,"column":30}},"76":{"start":{"line":224,"column":6},"end":{"line":241,"column":11}},"77":{"start":{"line":226,"column":10},"end":{"line":234,"column":11}},"78":{"start":{"line":227,"column":12},"end":{"line":229,"column":15}},"79":{"start":{"line":231,"column":12},"end":{"line":233,"column":15}},"80":{"start":{"line":237,"column":10},"end":{"line":239,"column":13}},"81":{"start":{"line":240,"column":10},"end":{"line":240,"column":27}}},"fnMap":{"0":{"name":"(anonymous_0)","decl":{"start":{"line":7,"column":17},"end":{"line":7,"column":18}},"loc":{"start":{"line":7,"column":31},"end":{"line":32,"column":1}},"line":7},"1":{"name":"(anonymous_1)","decl":{"start":{"line":22,"column":10},"end":{"line":22,"column":11}},"loc":{"start":{"line":22,"column":20},"end":{"line":26,"column":5}},"line":22},"2":{"name":"(anonymous_2)","decl":{"start":{"line":27,"column":11},"end":{"line":27,"column":12}},"loc":{"start":{"line":27,"column":20},"end":{"line":31,"column":5}},"line":27},"3":{"name":"(anonymous_3)","decl":{"start":{"line":35,"column":18},"end":{"line":35,"column":19}},"loc":{"start":{"line":35,"column":32},"end":{"line":46,"column":3}},"line":35},"4":{"name":"(anonymous_4)","decl":{"start":{"line":37,"column":12},"end":{"line":37,"column":13}},"loc":{"start":{"line":37,"column":22},"end":{"line":40,"column":7}},"line":37},"5":{"name":"(anonymous_5)","decl":{"start":{"line":41,"column":13},"end":{"line":41,"column":14}},"loc":{"start":{"line":41,"column":22},"end":{"line":45,"column":7}},"line":41},"6":{"name":"(anonymous_6)","decl":{"start":{"line":50,"column":18},"end":{"line":50,"column":19}},"loc":{"start":{"line":50,"column":32},"end":{"line":70,"column":3}},"line":50},"7":{"name":"(anonymous_7)","decl":{"start":{"line":58,"column":14},"end":{"line":58,"column":15}},"loc":{"start":{"line":58,"column":24},"end":{"line":62,"column":9}},"line":58},"8":{"name":"(anonymous_8)","decl":{"start":{"line":63,"column":15},"end":{"line":63,"column":16}},"loc":{"start":{"line":63,"column":24},"end":{"line":68,"column":9}},"line":63},"9":{"name":"(anonymous_9)","decl":{"start":{"line":76,"column":25},"end":{"line":76,"column":26}},"loc":{"start":{"line":76,"column":39},"end":{"line":112,"column":3}},"line":76},"10":{"name":"(anonymous_10)","decl":{"start":{"line":89,"column":35},"end":{"line":89,"column":36}},"loc":{"start":{"line":89,"column":52},"end":{"line":93,"column":7}},"line":89},"11":{"name":"(anonymous_11)","decl":{"start":{"line":97,"column":14},"end":{"line":97,"column":15}},"loc":{"start":{"line":97,"column":24},"end":{"line":104,"column":9}},"line":97},"12":{"name":"(anonymous_12)","decl":{"start":{"line":105,"column":15},"end":{"line":105,"column":16}},"loc":{"start":{"line":105,"column":24},"end":{"line":110,"column":9}},"line":105},"13":{"name":"(anonymous_13)","decl":{"start":{"line":115,"column":30},"end":{"line":115,"column":31}},"loc":{"start":{"line":115,"column":44},"end":{"line":150,"column":3}},"line":115},"14":{"name":"(anonymous_14)","decl":{"start":{"line":128,"column":38},"end":{"line":128,"column":39}},"loc":{"start":{"line":128,"column":55},"end":{"line":132,"column":7}},"line":128},"15":{"name":"(anonymous_15)","decl":{"start":{"line":136,"column":14},"end":{"line":136,"column":15}},"loc":{"start":{"line":136,"column":24},"end":{"line":142,"column":9}},"line":136},"16":{"name":"(anonymous_16)","decl":{"start":{"line":143,"column":15},"end":{"line":143,"column":16}},"loc":{"start":{"line":143,"column":24},"end":{"line":148,"column":9}},"line":143},"17":{"name":"(anonymous_17)","decl":{"start":{"line":156,"column":27},"end":{"line":156,"column":28}},"loc":{"start":{"line":156,"column":41},"end":{"line":179,"column":3}},"line":156},"18":{"name":"(anonymous_18)","decl":{"start":{"line":164,"column":14},"end":{"line":164,"column":15}},"loc":{"start":{"line":164,"column":24},"end":{"line":171,"column":9}},"line":164},"19":{"name":"(anonymous_19)","decl":{"start":{"line":172,"column":15},"end":{"line":172,"column":16}},"loc":{"start":{"line":172,"column":24},"end":{"line":177,"column":9}},"line":172},"20":{"name":"(anonymous_20)","decl":{"start":{"line":184,"column":17},"end":{"line":184,"column":18}},"loc":{"start":{"line":184,"column":31},"end":{"line":211,"column":3}},"line":184},"21":{"name":"(anonymous_21)","decl":{"start":{"line":197,"column":14},"end":{"line":197,"column":15}},"loc":{"start":{"line":197,"column":24},"end":{"line":203,"column":9}},"line":197},"22":{"name":"(anonymous_22)","decl":{"start":{"line":204,"column":15},"end":{"line":204,"column":16}},"loc":{"start":{"line":204,"column":24},"end":{"line":209,"column":9}},"line":204},"23":{"name":"(anonymous_23)","decl":{"start":{"line":216,"column":17},"end":{"line":216,"column":18}},"loc":{"start":{"line":216,"column":31},"end":{"line":243,"column":3}},"line":216},"24":{"name":"(anonymous_24)","decl":{"start":{"line":225,"column":14},"end":{"line":225,"column":15}},"loc":{"start":{"line":225,"column":24},"end":{"line":235,"column":9}},"line":225},"25":{"name":"(anonymous_25)","decl":{"start":{"line":236,"column":15},"end":{"line":236,"column":16}},"loc":{"start":{"line":236,"column":24},"end":{"line":241,"column":9}},"line":236}},"branchMap":{"0":{"loc":{"start":{"line":29,"column":17},"end":{"line":29,"column":80}},"type":"binary-expr","locations":[{"start":{"line":29,"column":17},"end":{"line":29,"column":28}},{"start":{"line":29,"column":32},"end":{"line":29,"column":80}}],"line":29},"1":{"loc":{"start":{"line":43,"column":19},"end":{"line":43,"column":81}},"type":"binary-expr","locations":[{"start":{"line":43,"column":19},"end":{"line":43,"column":30}},{"start":{"line":43,"column":34},"end":{"line":43,"column":81}}],"line":43},"2":{"loc":{"start":{"line":51,"column":4},"end":{"line":69,"column":5}},"type":"if","locations":[{"start":{"line":51,"column":4},"end":{"line":69,"column":5}},{"start":{"line":55,"column":11},"end":{"line":69,"column":5}}],"line":51},"3":{"loc":{"start":{"line":59,"column":10},"end":{"line":61,"column":35}},"type":"if","locations":[{"start":{"line":59,"column":10},"end":{"line":61,"column":35}},{"start":{"line":61,"column":17},"end":{"line":61,"column":35}}],"line":59},"4":{"loc":{"start":{"line":77,"column":4},"end":{"line":111,"column":5}},"type":"if","locations":[{"start":{"line":77,"column":4},"end":{"line":111,"column":5}},{"start":{"line":81,"column":11},"end":{"line":111,"column":5}}],"line":77},"5":{"loc":{"start":{"line":85,"column":6},"end":{"line":87,"column":7}},"type":"if","locations":[{"start":{"line":85,"column":6},"end":{"line":87,"column":7}},{"start":{},"end":{}}],"line":85},"6":{"loc":{"start":{"line":98,"column":10},"end":{"line":103,"column":11}},"type":"if","locations":[{"start":{"line":98,"column":10},"end":{"line":103,"column":11}},{"start":{"line":100,"column":17},"end":{"line":103,"column":11}}],"line":98},"7":{"loc":{"start":{"line":98,"column":14},"end":{"line":98,"column":40}},"type":"binary-expr","locations":[{"start":{"line":98,"column":14},"end":{"line":98,"column":19}},{"start":{"line":98,"column":23},"end":{"line":98,"column":40}}],"line":98},"8":{"loc":{"start":{"line":116,"column":4},"end":{"line":149,"column":5}},"type":"if","locations":[{"start":{"line":116,"column":4},"end":{"line":149,"column":5}},{"start":{"line":120,"column":11},"end":{"line":149,"column":5}}],"line":116},"9":{"loc":{"start":{"line":124,"column":6},"end":{"line":126,"column":7}},"type":"if","locations":[{"start":{"line":124,"column":6},"end":{"line":126,"column":7}},{"start":{},"end":{}}],"line":124},"10":{"loc":{"start":{"line":137,"column":10},"end":{"line":141,"column":11}},"type":"if","locations":[{"start":{"line":137,"column":10},"end":{"line":141,"column":11}},{"start":{"line":139,"column":17},"end":{"line":141,"column":11}}],"line":137},"11":{"loc":{"start":{"line":137,"column":14},"end":{"line":137,"column":40}},"type":"binary-expr","locations":[{"start":{"line":137,"column":14},"end":{"line":137,"column":19}},{"start":{"line":137,"column":23},"end":{"line":137,"column":40}}],"line":137},"12":{"loc":{"start":{"line":157,"column":4},"end":{"line":178,"column":5}},"type":"if","locations":[{"start":{"line":157,"column":4},"end":{"line":178,"column":5}},{"start":{"line":161,"column":11},"end":{"line":178,"column":5}}],"line":157},"13":{"loc":{"start":{"line":165,"column":10},"end":{"line":170,"column":11}},"type":"if","locations":[{"start":{"line":165,"column":10},"end":{"line":170,"column":11}},{"start":{"line":167,"column":17},"end":{"line":170,"column":11}}],"line":165},"14":{"loc":{"start":{"line":165,"column":14},"end":{"line":165,"column":40}},"type":"binary-expr","locations":[{"start":{"line":165,"column":14},"end":{"line":165,"column":19}},{"start":{"line":165,"column":23},"end":{"line":165,"column":40}}],"line":165},"15":{"loc":{"start":{"line":185,"column":4},"end":{"line":210,"column":5}},"type":"if","locations":[{"start":{"line":185,"column":4},"end":{"line":210,"column":5}},{"start":{"line":189,"column":11},"end":{"line":210,"column":5}}],"line":185},"16":{"loc":{"start":{"line":189,"column":11},"end":{"line":210,"column":5}},"type":"if","locations":[{"start":{"line":189,"column":11},"end":{"line":210,"column":5}},{"start":{"line":193,"column":11},"end":{"line":210,"column":5}}],"line":189},"17":{"loc":{"start":{"line":198,"column":10},"end":{"line":202,"column":75}},"type":"if","locations":[{"start":{"line":198,"column":10},"end":{"line":202,"column":75}},{"start":{"line":202,"column":17},"end":{"line":202,"column":75}}],"line":198},"18":{"loc":{"start":{"line":217,"column":4},"end":{"line":242,"column":5}},"type":"if","locations":[{"start":{"line":217,"column":4},"end":{"line":242,"column":5}},{"start":{"line":221,"column":11},"end":{"line":242,"column":5}}],"line":217},"19":{"loc":{"start":{"line":226,"column":10},"end":{"line":234,"column":11}},"type":"if","locations":[{"start":{"line":226,"column":10},"end":{"line":234,"column":11}},{"start":{"line":230,"column":17},"end":{"line":234,"column":11}}],"line":226}},"s":{"0":1,"1":1,"2":1,"3":0,"4":0,"5":0,"6":0,"7":0,"8":1,"9":0,"10":0,"11":0,"12":1,"13":0,"14":0,"15":0,"16":0,"17":0,"18":0,"19":0,"20":0,"21":0,"22":1,"23":0,"24":0,"25":0,"26":0,"27":0,"28":0,"29":0,"30":0,"31":0,"32":0,"33":0,"34":0,"35":0,"36":1,"37":0,"38":0,"39":0,"40":0,"41":0,"42":0,"43":0,"44":0,"45":0,"46":0,"47":0,"48":0,"49":0,"50":1,"51":0,"52":0,"53":0,"54":0,"55":0,"56":0,"57":0,"58":0,"59":0,"60":1,"61":0,"62":0,"63":0,"64":0,"65":0,"66":0,"67":0,"68":0,"69":0,"70":0,"71":0,"72":1,"73":0,"74":0,"75":0,"76":0,"77":0,"78":0,"79":0,"80":0,"81":0},"f":{"0":0,"1":0,"2":0,"3":0,"4":0,"5":0,"6":0,"7":0,"8":0,"9":0,"10":0,"11":0,"12":0,"13":0,"14":0,"15":0,"16":0,"17":0,"18":0,"19":0,"20":0,"21":0,"22":0,"23":0,"24":0,"25":0},"b":{"0":[0,0],"1":[0,0],"2":[0,0],"3":[0,0],"4":[0,0],"5":[0,0],"6":[0,0],"7":[0,0],"8":[0,0],"9":[0,0],"10":[0,0],"11":[0,0],"12":[0,0],"13":[0,0],"14":[0,0],"15":[0,0],"16":[0,0],"17":[0,0],"18":[0,0],"19":[0,0]},"_coverageSchema":"1a1c01bbd47fc00a2c39e90264f33305004495a9","hash":"0d4dc27672800a2ca19b486c0a7db93218ba5337"}
,"C:\\git\\recipe\\recipe-application-cse341\\controller\\review.js": {"path":"C:\\git\\recipe\\recipe-application-cse341\\controller\\review.js","statementMap":{"0":{"start":{"line":1,"column":15},"end":{"line":1,"column":50}},"1":{"start":{"line":3,"column":17},"end":{"line":3,"column":44}},"2":{"start":{"line":5,"column":0},"end":{"line":29,"column":4}},"3":{"start":{"line":6,"column":2},"end":{"line":11,"column":3}},"4":{"start":{"line":7,"column":4},"end":{"line":7,"column":37}},"5":{"start":{"line":8,"column":4},"end":{"line":10,"column":7}},"6":{"start":{"line":13,"column":19},"end":{"line":18,"column":6}},"7":{"start":{"line":19,"column":4},"end":{"line":28,"column":9}},"8":{"start":{"line":22,"column":8},"end":{"line":22,"column":57}},"9":{"start":{"line":25,"column":8},"end":{"line":27,"column":11}},"10":{"start":{"line":31,"column":0},"end":{"line":53,"column":2}},"11":{"start":{"line":32,"column":2},"end":{"line":37,"column":3}},"12":{"start":{"line":33,"column":4},"end":{"line":33,"column":37}},"13":{"start":{"line":34,"column":4},"end":{"line":36,"column":7}},"14":{"start":{"line":38,"column":19},"end":{"line":38,"column":39}},"15":{"start":{"line":39,"column":2},"end":{"line":52,"column":5}},"16":{"start":{"line":41,"column":4},"end":{"line":45,"column":5}},"17":{"start":{"line":42,"column":6},"end":{"line":42,"column":98}},"18":{"start":{"line":44,"column":6},"end":{"line":44,"column":21}},"19":{"start":{"line":48,"column":4},"end":{"line":50,"column":7}},"20":{"start":{"line":51,"column":4},"end":{"line":51,"column":21}},"21":{"start":{"line":55,"column":0},"end":{"line":90,"column":2}},"22":{"start":{"line":57,"column":2},"end":{"line":89,"column":3}},"23":{"start":{"line":58,"column":4},"end":{"line":60,"column":7}},"24":{"start":{"line":61,"column":9},"end":{"line":89,"column":3}},"25":{"start":{"line":62,"column":4},"end":{"line":64,"column":7}},"26":{"start":{"line":66,"column":15},"end":{"line":66,"column":28}},"27":{"start":{"line":67,"column":19},"end":{"line":72,"column":5}},"28":{"start":{"line":75,"column":4},"end":{"line":88,"column":9}},"29":{"start":{"line":77,"column":8},"end":{"line":81,"column":73}},"30":{"start":{"line":78,"column":10},"end":{"line":80,"column":13}},"31":{"start":{"line":81,"column":15},"end":{"line":81,"column":73}},"32":{"start":{"line":84,"column":8},"end":{"line":86,"column":11}},"33":{"start":{"line":87,"column":8},"end":{"line":87,"column":25}},"34":{"start":{"line":93,"column":0},"end":{"line":120,"column":4}},"35":{"start":{"line":94,"column":2},"end":{"line":119,"column":3}},"36":{"start":{"line":95,"column":4},"end":{"line":97,"column":7}},"37":{"start":{"line":99,"column":15},"end":{"line":99,"column":28}},"38":{"start":{"line":101,"column":4},"end":{"line":118,"column":9}},"39":{"start":{"line":103,"column":8},"end":{"line":111,"column":9}},"40":{"start":{"line":104,"column":10},"end":{"line":106,"column":13}},"41":{"start":{"line":108,"column":10},"end":{"line":110,"column":13}},"42":{"start":{"line":114,"column":8},"end":{"line":116,"column":11}},"43":{"start":{"line":117,"column":8},"end":{"line":117,"column":25}}},"fnMap":{"0":{"name":"(anonymous_0)","decl":{"start":{"line":5,"column":17},"end":{"line":5,"column":18}},"loc":{"start":{"line":5,"column":31},"end":{"line":29,"column":3}},"line":5},"1":{"name":"(anonymous_1)","decl":{"start":{"line":21,"column":12},"end":{"line":21,"column":13}},"loc":{"start":{"line":21,"column":22},"end":{"line":23,"column":7}},"line":21},"2":{"name":"(anonymous_2)","decl":{"start":{"line":24,"column":13},"end":{"line":24,"column":14}},"loc":{"start":{"line":24,"column":22},"end":{"line":28,"column":7}},"line":24},"3":{"name":"(anonymous_3)","decl":{"start":{"line":31,"column":29},"end":{"line":31,"column":30}},"loc":{"start":{"line":31,"column":43},"end":{"line":53,"column":1}},"line":31},"4":{"name":"(anonymous_4)","decl":{"start":{"line":40,"column":8},"end":{"line":40,"column":9}},"loc":{"start":{"line":40,"column":18},"end":{"line":46,"column":3}},"line":40},"5":{"name":"(anonymous_5)","decl":{"start":{"line":47,"column":9},"end":{"line":47,"column":10}},"loc":{"start":{"line":47,"column":18},"end":{"line":52,"column":3}},"line":47},"6":{"name":"(anonymous_6)","decl":{"start":{"line":55,"column":17},"end":{"line":55,"column":18}},"loc":{"start":{"line":55,"column":31},"end":{"line":90,"column":1}},"line":55},"7":{"name":"(anonymous_7)","decl":{"start":{"line":76,"column":12},"end":{"line":76,"column":13}},"loc":{"start":{"line":76,"column":22},"end":{"line":82,"column":7}},"line":76},"8":{"name":"(anonymous_8)","decl":{"start":{"line":83,"column":13},"end":{"line":83,"column":14}},"loc":{"start":{"line":83,"column":22},"end":{"line":88,"column":7}},"line":83},"9":{"name":"(anonymous_9)","decl":{"start":{"line":93,"column":17},"end":{"line":93,"column":18}},"loc":{"start":{"line":93,"column":37},"end":{"line":120,"column":3}},"line":93},"10":{"name":"(anonymous_10)","decl":{"start":{"line":102,"column":12},"end":{"line":102,"column":13}},"loc":{"start":{"line":102,"column":22},"end":{"line":112,"column":7}},"line":102},"11":{"name":"(anonymous_11)","decl":{"start":{"line":113,"column":13},"end":{"line":113,"column":14}},"loc":{"start":{"line":113,"column":22},"end":{"line":118,"column":7}},"line":113}},"branchMap":{"0":{"loc":{"start":{"line":6,"column":2},"end":{"line":11,"column":3}},"type":"if","locations":[{"start":{"line":6,"column":2},"end":{"line":11,"column":3}},{"start":{},"end":{}}],"line":6},"1":{"loc":{"start":{"line":26,"column":19},"end":{"line":26,"column":82}},"type":"binary-expr","locations":[{"start":{"line":26,"column":19},"end":{"line":26,"column":30}},{"start":{"line":26,"column":34},"end":{"line":26,"column":82}}],"line":26},"2":{"loc":{"start":{"line":32,"column":2},"end":{"line":37,"column":3}},"type":"if","locations":[{"start":{"line":32,"column":2},"end":{"line":37,"column":3}},{"start":{},"end":{}}],"line":32},"3":{"loc":{"start":{"line":41,"column":4},"end":{"line":45,"column":5}},"type":"if","locations":[{"start":{"line":41,"column":4},"end":{"line":45,"column":5}},{"start":{"line":43,"column":11},"end":{"line":45,"column":5}}],"line":41},"4":{"loc":{"start":{"line":57,"column":2},"end":{"line":89,"column":3}},"type":"if","locations":[{"start":{"line":57,"column":2},"end":{"line":89,"column":3}},{"start":{"line":61,"column":9},"end":{"line":89,"column":3}}],"line":57},"5":{"loc":{"start":{"line":61,"column":9},"end":{"line":89,"column":3}},"type":"if","locations":[{"start":{"line":61,"column":9},"end":{"line":89,"column":3}},{"start":{"line":65,"column":9},"end":{"line":89,"column":3}}],"line":61},"6":{"loc":{"start":{"line":77,"column":8},"end":{"line":81,"column":73}},"type":"if","locations":[{"start":{"line":77,"column":8},"end":{"line":81,"column":73}},{"start":{"line":81,"column":15},"end":{"line":81,"column":73}}],"line":77},"7":{"loc":{"start":{"line":94,"column":2},"end":{"line":119,"column":3}},"type":"if","locations":[{"start":{"line":94,"column":2},"end":{"line":119,"column":3}},{"start":{"line":98,"column":9},"end":{"line":119,"column":3}}],"line":94},"8":{"loc":{"start":{"line":103,"column":8},"end":{"line":111,"column":9}},"type":"if","locations":[{"start":{"line":103,"column":8},"end":{"line":111,"column":9}},{"start":{"line":107,"column":15},"end":{"line":111,"column":9}}],"line":103}},"s":{"0":1,"1":1,"2":1,"3":0,"4":0,"5":0,"6":0,"7":0,"8":0,"9":0,"10":1,"11":1,"12":0,"13":0,"14":1,"15":1,"16":1,"17":0,"18":1,"19":0,"20":0,"21":1,"22":0,"23":0,"24":0,"25":0,"26":0,"27":0,"28":0,"29":0,"30":0,"31":0,"32":0,"33":0,"34":1,"35":1,"36":0,"37":1,"38":1,"39":1,"40":0,"41":1,"42":0,"43":0},"f":{"0":0,"1":0,"2":0,"3":1,"4":1,"5":0,"6":0,"7":0,"8":0,"9":1,"10":1,"11":0},"b":{"0":[0,0],"1":[0,0],"2":[0,1],"3":[0,1],"4":[0,0],"5":[0,0],"6":[0,0],"7":[0,1],"8":[0,1]},"_coverageSchema":"1a1c01bbd47fc00a2c39e90264f33305004495a9","hash":"7a872e01ee12cd5c5ef651be0692f1cea69f394b"}
,"C:\\git\\recipe\\recipe-application-cse341\\model\\schemas.js": {"path":"C:\\git\\recipe\\recipe-application-cse341\\model\\schemas.js","statementMap":{"0":{"start":{"line":1,"column":17},"end":{"line":1,"column":36}},"1":{"start":{"line":4,"column":15},"end":{"line":20,"column":2}},"2":{"start":{"line":21,"column":15},"end":{"line":21,"column":47}},"3":{"start":{"line":24,"column":13},"end":{"line":37,"column":2}},"4":{"start":{"line":38,"column":13},"end":{"line":38,"column":41}},"5":{"start":{"line":42,"column":16},"end":{"line":61,"column":2}},"6":{"start":{"line":62,"column":16},"end":{"line":62,"column":50}},"7":{"start":{"line":65,"column":19},"end":{"line":72,"column":2}},"8":{"start":{"line":73,"column":13},"end":{"line":73,"column":47}},"9":{"start":{"line":75,"column":0},"end":{"line":80,"column":2}}},"fnMap":{},"branchMap":{},"s":{"0":1,"1":1,"2":1,"3":1,"4":1,"5":1,"6":1,"7":1,"8":1,"9":1},"f":{},"b":{},"_coverageSchema":"1a1c01bbd47fc00a2c39e90264f33305004495a9","hash":"830ecc20eb5acc4843823acfbc634b4735ffec1c"}
,"C:\\git\\recipe\\recipe-application-cse341\\routes\\index.js": {"path":"C:\\git\\recipe\\recipe-application-cse341\\routes\\index.js","statementMap":{"0":{"start":{"line":1,"column":15},"end":{"line":1,"column":42}},"1":{"start":{"line":2,"column":21},"end":{"line":2,"column":50}},"2":{"start":{"line":3,"column":21},"end":{"line":3,"column":50}},"3":{"start":{"line":4,"column":19},"end":{"line":4,"column":46}},"4":{"start":{"line":8,"column":18},"end":{"line":14,"column":1}},"5":{"start":{"line":9,"column":2},"end":{"line":13,"column":3}},"6":{"start":{"line":10,"column":4},"end":{"line":10,"column":31}},"7":{"start":{"line":12,"column":4},"end":{"line":12,"column":11}},"8":{"start":{"line":25,"column":0},"end":{"line":25,"column":37}},"9":{"start":{"line":26,"column":0},"end":{"line":26,"column":37}},"10":{"start":{"line":27,"column":0},"end":{"line":27,"column":33}},"11":{"start":{"line":34,"column":0},"end":{"line":34,"column":24}}},"fnMap":{"0":{"name":"(anonymous_0)","decl":{"start":{"line":8,"column":18},"end":{"line":8,"column":19}},"loc":{"start":{"line":8,"column":38},"end":{"line":14,"column":1}},"line":8}},"branchMap":{"0":{"loc":{"start":{"line":9,"column":2},"end":{"line":13,"column":3}},"type":"if","locations":[{"start":{"line":9,"column":2},"end":{"line":13,"column":3}},{"start":{"line":11,"column":9},"end":{"line":13,"column":3}}],"line":9}},"s":{"0":1,"1":1,"2":1,"3":1,"4":1,"5":0,"6":0,"7":0,"8":1,"9":1,"10":1,"11":1},"f":{"0":0},"b":{"0":[0,0]},"_coverageSchema":"1a1c01bbd47fc00a2c39e90264f33305004495a9","hash":"cbe50eb55d1bb04c82f8f05da9fc78dcf05f5b5c"}
,"C:\\git\\recipe\\recipe-application-cse341\\routes\\list-routes.js": {"path":"C:\\git\\recipe\\recipe-application-cse341\\routes\\list-routes.js","statementMap":{"0":{"start":{"line":1,"column":15},"end":{"line":1,"column":42}},"1":{"start":{"line":2,"column":13},"end":{"line":2,"column":42}},"2":{"start":{"line":3,"column":19},"end":{"line":3,"column":43}},"3":{"start":{"line":6,"column":0},"end":{"line":18,"column":2}},"4":{"start":{"line":21,"column":0},"end":{"line":24,"column":2}},"5":{"start":{"line":27,"column":0},"end":{"line":30,"column":2}},"6":{"start":{"line":33,"column":0},"end":{"line":36,"column":2}},"7":{"start":{"line":39,"column":0},"end":{"line":51,"column":2}},"8":{"start":{"line":54,"column":0},"end":{"line":57,"column":2}},"9":{"start":{"line":59,"column":0},"end":{"line":59,"column":24}}},"fnMap":{},"branchMap":{},"s":{"0":1,"1":1,"2":1,"3":1,"4":1,"5":1,"6":1,"7":1,"8":1,"9":1},"f":{},"b":{},"_coverageSchema":"1a1c01bbd47fc00a2c39e90264f33305004495a9","hash":"d23efd43f9fd255ff453c475c94ee3d67e247f0a"}
,"C:\\git\\recipe\\recipe-application-cse341\\routes\\recipe-routes.js": {"path":"C:\\git\\recipe\\recipe-application-cse341\\routes\\recipe-routes.js","statementMap":{"0":{"start":{"line":1,"column":15},"end":{"line":1,"column":42}},"1":{"start":{"line":2,"column":16},"end":{"line":2,"column":47}},"2":{"start":{"line":3,"column":19},"end":{"line":3,"column":43}},"3":{"start":{"line":5,"column":18},"end":{"line":11,"column":3}},"4":{"start":{"line":6,"column":4},"end":{"line":10,"column":5}},"5":{"start":{"line":7,"column":6},"end":{"line":7,"column":33}},"6":{"start":{"line":9,"column":6},"end":{"line":9,"column":13}},"7":{"start":{"line":15,"column":0},"end":{"line":30,"column":2}},"8":{"start":{"line":33,"column":0},"end":{"line":43,"column":2}},"9":{"start":{"line":46,"column":0},"end":{"line":54,"column":2}},"10":{"start":{"line":57,"column":0},"end":{"line":62,"column":2}},"11":{"start":{"line":65,"column":0},"end":{"line":67,"column":2}},"12":{"start":{"line":70,"column":0},"end":{"line":72,"column":2}},"13":{"start":{"line":75,"column":0},"end":{"line":77,"column":2}},"14":{"start":{"line":80,"column":0},"end":{"line":82,"column":2}},"15":{"start":{"line":84,"column":0},"end":{"line":87,"column":2}},"16":{"start":{"line":90,"column":0},"end":{"line":106,"column":2}},"17":{"start":{"line":109,"column":0},"end":{"line":111,"column":2}},"18":{"start":{"line":113,"column":0},"end":{"line":113,"column":24}}},"fnMap":{"0":{"name":"(anonymous_0)","decl":{"start":{"line":5,"column":18},"end":{"line":5,"column":19}},"loc":{"start":{"line":5,"column":38},"end":{"line":11,"column":3}},"line":5}},"branchMap":{"0":{"loc":{"start":{"line":6,"column":4},"end":{"line":10,"column":5}},"type":"if","locations":[{"start":{"line":6,"column":4},"end":{"line":10,"column":5}},{"start":{"line":8,"column":11},"end":{"line":10,"column":5}}],"line":6}},"s":{"0":1,"1":1,"2":1,"3":1,"4":0,"5":0,"6":0,"7":1,"8":1,"9":1,"10":1,"11":1,"12":1,"13":1,"14":1,"15":1,"16":1,"17":1,"18":1},"f":{"0":0},"b":{"0":[0,0]},"_coverageSchema":"1a1c01bbd47fc00a2c39e90264f33305004495a9","hash":"b8f13e088cee35d370d94e2df4f9fac7dacf591c"}
,"C:\\git\\recipe\\recipe-application-cse341\\routes\\review-routes.js": {"path":"C:\\git\\recipe\\recipe-application-cse341\\routes\\review-routes.js","statementMap":{"0":{"start":{"line":1,"column":15},"end":{"line":1,"column":42}},"1":{"start":{"line":2,"column":16},"end":{"line":2,"column":50}},"2":{"start":{"line":3,"column":19},"end":{"line":3,"column":43}},"3":{"start":{"line":14,"column":0},"end":{"line":17,"column":2}},"4":{"start":{"line":25,"column":0},"end":{"line":34,"column":2}},"5":{"start":{"line":37,"column":0},"end":{"line":45,"column":9}},"6":{"start":{"line":48,"column":0},"end":{"line":56,"column":9}},"7":{"start":{"line":58,"column":0},"end":{"line":58,"column":24}}},"fnMap":{},"branchMap":{},"s":{"0":1,"1":1,"2":1,"3":1,"4":1,"5":1,"6":1,"7":1},"f":{},"b":{},"_coverageSchema":"1a1c01bbd47fc00a2c39e90264f33305004495a9","hash":"efe68da5df61bbf4c27bb7842ef4ff3f73d06f76"}
}
